This is pdfTeX, Version 3.14159265-2.6-1.40.15 (TeX Live 2014) (preloaded format=pdflatex 2014.5.25)  18 MAR 2018 10:57
entering extended mode
 restricted \write18 enabled.
 %&-line parsing enabled.
**fitFfm_vignette_03_18_2018.tex
(./fitFfm_vignette_03_18_2018.tex
LaTeX2e <2014/05/01>
Babel <3.9k> and hyphenation patterns for 78 languages loaded.
(/usr/local/texlive/2014/texmf-dist/tex/latex/base/article.cls
Document Class: article 2007/10/19 v1.4h Standard LaTeX document class
(/usr/local/texlive/2014/texmf-dist/tex/latex/base/size10.clo
File: size10.clo 2007/10/19 v1.4h Standard LaTeX file (size option)
)
\c@part=\count79
\c@section=\count80
\c@subsection=\count81
\c@subsubsection=\count82
\c@paragraph=\count83
\c@subparagraph=\count84
\c@figure=\count85
\c@table=\count86
\abovecaptionskip=\skip41
\belowcaptionskip=\skip42
\bibindent=\dimen102
)
(/usr/local/texlive/2014/texmf-dist/tex/latex/graphics/graphicx.sty
Package: graphicx 2014/04/25 v1.0g Enhanced LaTeX Graphics (DPC,SPQR)

(/usr/local/texlive/2014/texmf-dist/tex/latex/graphics/keyval.sty
Package: keyval 2014/05/08 v1.15 key=value parser (DPC)
\KV@toks@=\toks14
)
(/usr/local/texlive/2014/texmf-dist/tex/latex/graphics/graphics.sty
Package: graphics 2009/02/05 v1.0o Standard LaTeX Graphics (DPC,SPQR)

(/usr/local/texlive/2014/texmf-dist/tex/latex/graphics/trig.sty
Package: trig 1999/03/16 v1.09 sin cos tan (DPC)
)
(/usr/local/texlive/2014/texmf-dist/tex/latex/latexconfig/graphics.cfg
File: graphics.cfg 2010/04/23 v1.9 graphics configuration of TeX Live
)
Package graphics Info: Driver file: pdftex.def on input line 91.

(/usr/local/texlive/2014/texmf-dist/tex/latex/pdftex-def/pdftex.def
File: pdftex.def 2011/05/27 v0.06d Graphics/color for pdfTeX

(/usr/local/texlive/2014/texmf-dist/tex/generic/oberdiek/infwarerr.sty
Package: infwarerr 2010/04/08 v1.3 Providing info/warning/error messages (HO)
)
(/usr/local/texlive/2014/texmf-dist/tex/generic/oberdiek/ltxcmds.sty
Package: ltxcmds 2011/11/09 v1.22 LaTeX kernel commands for general use (HO)
)
\Gread@gobject=\count87
))
\Gin@req@height=\dimen103
\Gin@req@width=\dimen104
)
(/usr/local/texlive/2014/texmf-dist/tex/latex/graphics/color.sty
Package: color 2014/04/23 v1.1a Standard LaTeX Color (DPC)

(/usr/local/texlive/2014/texmf-dist/tex/latex/latexconfig/color.cfg
File: color.cfg 2007/01/18 v1.5 color configuration of teTeX/TeXLive
)
Package color Info: Driver file: pdftex.def on input line 137.
)
(/usr/local/texlive/2014/texmf-dist/tex/latex/framed/framed.sty
Package: framed 2011/10/22 v 0.96: framed or shaded text with page breaks
\OuterFrameSep=\skip43
\fb@frw=\dimen105
\fb@frh=\dimen106
\FrameRule=\dimen107
\FrameSep=\dimen108
)
(/usr/local/texlive/2014/texmf-dist/tex/latex/base/alltt.sty
Package: alltt 1997/06/16 v2.0g defines alltt environment
)
(/Library/Frameworks/R.framework/Resources/share/texmf/tex/latex/Rd.sty
Package: Rd 

(/usr/local/texlive/2014/texmf-dist/tex/latex/base/ifthen.sty
Package: ifthen 2001/05/26 v1.1c Standard LaTeX ifthen package (DPC)
)
(/usr/local/texlive/2014/texmf-dist/tex/latex/tools/longtable.sty
Package: longtable 2004/02/01 v4.11 Multi-page Table package (DPC)
\LTleft=\skip44
\LTright=\skip45
\LTpre=\skip46
\LTpost=\skip47
\LTchunksize=\count88
\LTcapwidth=\dimen109
\LT@head=\box26
\LT@firsthead=\box27
\LT@foot=\box28
\LT@lastfoot=\box29
\LT@cols=\count89
\LT@rows=\count90
\c@LT@tables=\count91
\c@LT@chunks=\count92
\LT@p@ftn=\toks15
)
(/usr/local/texlive/2014/texmf-dist/tex/latex/tools/bm.sty
Package: bm 2004/02/26 v1.1c Bold Symbol Support (DPC/FMi)
\symboldoperators=\mathgroup4
\symboldletters=\mathgroup5
\symboldsymbols=\mathgroup6
LaTeX Font Info:    Redeclaring math alphabet \mathbf on input line 137.
LaTeX Info: Redefining \bm on input line 203.
)
(/usr/local/texlive/2014/texmf-dist/tex/latex/tools/verbatim.sty
Package: verbatim 2003/08/22 v1.5q LaTeX2e package for verbatim enhancements
\every@verbatim=\toks16
\verbatim@line=\toks17
\verbatim@in@stream=\read1
)
(/usr/local/texlive/2014/texmf-dist/tex/latex/url/url.sty
\Urlmuskip=\muskip10
Package: url 2013/09/16  ver 3.4  Verb mode for urls, etc.
)
(/usr/local/texlive/2014/texmf-dist/tex/latex/base/textcomp.sty
Package: textcomp 2005/09/27 v1.99g Standard LaTeX package
Package textcomp Info: Sub-encoding information:
(textcomp)               5 = only ISO-Adobe without \textcurrency
(textcomp)               4 = 5 + \texteuro
(textcomp)               3 = 4 + \textohm
(textcomp)               2 = 3 + \textestimated + \textcurrency
(textcomp)               1 = TS1 - \textcircled - \t
(textcomp)               0 = TS1 (full)
(textcomp)             Font families with sub-encoding setting implement
(textcomp)             only a restricted character set as indicated.
(textcomp)             Family '?' is the default used for unknown fonts.
(textcomp)             See the documentation for details.
Package textcomp Info: Setting ? sub-encoding to TS1/1 on input line 71.

(/usr/local/texlive/2014/texmf-dist/tex/latex/base/ts1enc.def
File: ts1enc.def 2001/06/05 v3.0e (jk/car/fm) Standard LaTeX file
)
LaTeX Info: Redefining \oldstylenums on input line 266.
Package textcomp Info: Setting cmr sub-encoding to TS1/0 on input line 281.
Package textcomp Info: Setting cmss sub-encoding to TS1/0 on input line 282.
Package textcomp Info: Setting cmtt sub-encoding to TS1/0 on input line 283.
Package textcomp Info: Setting cmvtt sub-encoding to TS1/0 on input line 284.
Package textcomp Info: Setting cmbr sub-encoding to TS1/0 on input line 285.
Package textcomp Info: Setting cmtl sub-encoding to TS1/0 on input line 286.
Package textcomp Info: Setting ccr sub-encoding to TS1/0 on input line 287.
Package textcomp Info: Setting ptm sub-encoding to TS1/4 on input line 288.
Package textcomp Info: Setting pcr sub-encoding to TS1/4 on input line 289.
Package textcomp Info: Setting phv sub-encoding to TS1/4 on input line 290.
Package textcomp Info: Setting ppl sub-encoding to TS1/3 on input line 291.
Package textcomp Info: Setting pag sub-encoding to TS1/4 on input line 292.
Package textcomp Info: Setting pbk sub-encoding to TS1/4 on input line 293.
Package textcomp Info: Setting pnc sub-encoding to TS1/4 on input line 294.
Package textcomp Info: Setting pzc sub-encoding to TS1/4 on input line 295.
Package textcomp Info: Setting bch sub-encoding to TS1/4 on input line 296.
Package textcomp Info: Setting put sub-encoding to TS1/5 on input line 297.
Package textcomp Info: Setting uag sub-encoding to TS1/5 on input line 298.
Package textcomp Info: Setting ugq sub-encoding to TS1/5 on input line 299.
Package textcomp Info: Setting ul8 sub-encoding to TS1/4 on input line 300.
Package textcomp Info: Setting ul9 sub-encoding to TS1/4 on input line 301.
Package textcomp Info: Setting augie sub-encoding to TS1/5 on input line 302.
Package textcomp Info: Setting dayrom sub-encoding to TS1/3 on input line 303.
Package textcomp Info: Setting dayroms sub-encoding to TS1/3 on input line 304.

Package textcomp Info: Setting pxr sub-encoding to TS1/0 on input line 305.
Package textcomp Info: Setting pxss sub-encoding to TS1/0 on input line 306.
Package textcomp Info: Setting pxtt sub-encoding to TS1/0 on input line 307.
Package textcomp Info: Setting txr sub-encoding to TS1/0 on input line 308.
Package textcomp Info: Setting txss sub-encoding to TS1/0 on input line 309.
Package textcomp Info: Setting txtt sub-encoding to TS1/0 on input line 310.
Package textcomp Info: Setting lmr sub-encoding to TS1/0 on input line 311.
Package textcomp Info: Setting lmdh sub-encoding to TS1/0 on input line 312.
Package textcomp Info: Setting lmss sub-encoding to TS1/0 on input line 313.
Package textcomp Info: Setting lmssq sub-encoding to TS1/0 on input line 314.
Package textcomp Info: Setting lmvtt sub-encoding to TS1/0 on input line 315.
Package textcomp Info: Setting qhv sub-encoding to TS1/0 on input line 316.
Package textcomp Info: Setting qag sub-encoding to TS1/0 on input line 317.
Package textcomp Info: Setting qbk sub-encoding to TS1/0 on input line 318.
Package textcomp Info: Setting qcr sub-encoding to TS1/0 on input line 319.
Package textcomp Info: Setting qcs sub-encoding to TS1/0 on input line 320.
Package textcomp Info: Setting qpl sub-encoding to TS1/0 on input line 321.
Package textcomp Info: Setting qtm sub-encoding to TS1/0 on input line 322.
Package textcomp Info: Setting qzc sub-encoding to TS1/0 on input line 323.
Package textcomp Info: Setting qhvc sub-encoding to TS1/0 on input line 324.
Package textcomp Info: Setting futs sub-encoding to TS1/4 on input line 325.
Package textcomp Info: Setting futx sub-encoding to TS1/4 on input line 326.
Package textcomp Info: Setting futj sub-encoding to TS1/4 on input line 327.
Package textcomp Info: Setting hlh sub-encoding to TS1/3 on input line 328.
Package textcomp Info: Setting hls sub-encoding to TS1/3 on input line 329.
Package textcomp Info: Setting hlst sub-encoding to TS1/3 on input line 330.
Package textcomp Info: Setting hlct sub-encoding to TS1/5 on input line 331.
Package textcomp Info: Setting hlx sub-encoding to TS1/5 on input line 332.
Package textcomp Info: Setting hlce sub-encoding to TS1/5 on input line 333.
Package textcomp Info: Setting hlcn sub-encoding to TS1/5 on input line 334.
Package textcomp Info: Setting hlcw sub-encoding to TS1/5 on input line 335.
Package textcomp Info: Setting hlcf sub-encoding to TS1/5 on input line 336.
Package textcomp Info: Setting pplx sub-encoding to TS1/3 on input line 337.
Package textcomp Info: Setting pplj sub-encoding to TS1/3 on input line 338.
Package textcomp Info: Setting ptmx sub-encoding to TS1/4 on input line 339.
Package textcomp Info: Setting ptmj sub-encoding to TS1/4 on input line 340.
)
\ldescriptionwidth=\skip48
)
(/usr/local/texlive/2014/texmf-dist/tex/latex/amsmath/amsmath.sty
Package: amsmath 2013/01/14 v2.14 AMS math features
\@mathmargin=\skip49

For additional information on amsmath, use the `?' option.
(/usr/local/texlive/2014/texmf-dist/tex/latex/amsmath/amstext.sty
Package: amstext 2000/06/29 v2.01

(/usr/local/texlive/2014/texmf-dist/tex/latex/amsmath/amsgen.sty
File: amsgen.sty 1999/11/30 v2.0
\@emptytoks=\toks18
\ex@=\dimen110
))
(/usr/local/texlive/2014/texmf-dist/tex/latex/amsmath/amsbsy.sty
Package: amsbsy 1999/11/29 v1.2d
LaTeX Info: Redefining \boldsymbol on input line 39.
\pmbraise@=\dimen111
)
(/usr/local/texlive/2014/texmf-dist/tex/latex/amsmath/amsopn.sty
Package: amsopn 1999/12/14 v2.01 operator names
)
\inf@bad=\count93
LaTeX Info: Redefining \frac on input line 210.
\uproot@=\count94
\leftroot@=\count95
LaTeX Info: Redefining \overline on input line 306.
\classnum@=\count96
\DOTSCASE@=\count97
LaTeX Info: Redefining \ldots on input line 378.
LaTeX Info: Redefining \dots on input line 381.
LaTeX Info: Redefining \cdots on input line 466.
\Mathstrutbox@=\box30
\strutbox@=\box31
\big@size=\dimen112
LaTeX Font Info:    Redeclaring font encoding OML on input line 566.
LaTeX Font Info:    Redeclaring font encoding OMS on input line 567.
\macc@depth=\count98
\c@MaxMatrixCols=\count99
\dotsspace@=\muskip11
\c@parentequation=\count100
\dspbrk@lvl=\count101
\tag@help=\toks19
\row@=\count102
\column@=\count103
\maxfields@=\count104
\andhelp@=\toks20
\eqnshift@=\dimen113
\alignsep@=\dimen114
\tagshift@=\dimen115
\tagwidth@=\dimen116
\totwidth@=\dimen117
\lineht@=\dimen118
\@envbody=\toks21
\multlinegap=\skip50
\multlinetaggap=\skip51
\mathdisplay@stack=\toks22
LaTeX Info: Redefining \[ on input line 2665.
LaTeX Info: Redefining \] on input line 2666.
)
(/usr/local/texlive/2014/texmf-dist/tex/latex/natbib/natbib.sty
Package: natbib 2010/09/13 8.31b (PWD, AO)
\bibhang=\skip52
\bibsep=\skip53
LaTeX Info: Redefining \cite on input line 694.
\c@NAT@ctr=\count105
)
(/usr/local/texlive/2014/texmf-dist/tex/latex/base/inputenc.sty
Package: inputenc 2014/04/30 v1.2b Input encoding file
\inpenc@prehook=\toks23
\inpenc@posthook=\toks24

(/usr/local/texlive/2014/texmf-dist/tex/latex/base/latin1.def
File: latin1.def 2014/04/30 v1.2b Input encoding file
))
(/usr/local/texlive/2014/texmf-dist/tex/latex/lm/lmodern.sty
Package: lmodern 2009/10/30 v1.6 Latin Modern Fonts
LaTeX Font Info:    Overwriting symbol font `operators' in version `normal'
(Font)                  OT1/cmr/m/n --> OT1/lmr/m/n on input line 22.
LaTeX Font Info:    Overwriting symbol font `letters' in version `normal'
(Font)                  OML/cmm/m/it --> OML/lmm/m/it on input line 23.
LaTeX Font Info:    Overwriting symbol font `symbols' in version `normal'
(Font)                  OMS/cmsy/m/n --> OMS/lmsy/m/n on input line 24.
LaTeX Font Info:    Overwriting symbol font `largesymbols' in version `normal'
(Font)                  OMX/cmex/m/n --> OMX/lmex/m/n on input line 25.
LaTeX Font Info:    Overwriting symbol font `operators' in version `bold'
(Font)                  OT1/cmr/bx/n --> OT1/lmr/bx/n on input line 26.
LaTeX Font Info:    Overwriting symbol font `letters' in version `bold'
(Font)                  OML/cmm/b/it --> OML/lmm/b/it on input line 27.
LaTeX Font Info:    Overwriting symbol font `symbols' in version `bold'
(Font)                  OMS/cmsy/b/n --> OMS/lmsy/b/n on input line 28.
LaTeX Font Info:    Overwriting symbol font `largesymbols' in version `bold'
(Font)                  OMX/cmex/m/n --> OMX/lmex/m/n on input line 29.
LaTeX Font Info:    Overwriting math alphabet `\mathbf' in version `normal'
(Font)                  OT1/cmr/bx/n --> OT1/lmr/bx/n on input line 31.
LaTeX Font Info:    Overwriting math alphabet `\mathsf' in version `normal'
(Font)                  OT1/cmss/m/n --> OT1/lmss/m/n on input line 32.
LaTeX Font Info:    Overwriting math alphabet `\mathit' in version `normal'
(Font)                  OT1/cmr/m/it --> OT1/lmr/m/it on input line 33.
LaTeX Font Info:    Overwriting math alphabet `\mathtt' in version `normal'
(Font)                  OT1/cmtt/m/n --> OT1/lmtt/m/n on input line 34.
LaTeX Font Info:    Overwriting math alphabet `\mathbf' in version `bold'
(Font)                  OT1/cmr/bx/n --> OT1/lmr/bx/n on input line 35.
LaTeX Font Info:    Overwriting math alphabet `\mathsf' in version `bold'
(Font)                  OT1/cmss/bx/n --> OT1/lmss/bx/n on input line 36.
LaTeX Font Info:    Overwriting math alphabet `\mathit' in version `bold'
(Font)                  OT1/cmr/bx/it --> OT1/lmr/bx/it on input line 37.
LaTeX Font Info:    Overwriting math alphabet `\mathtt' in version `bold'
(Font)                  OT1/cmtt/m/n --> OT1/lmtt/m/n on input line 38.
)
(/usr/local/texlive/2014/texmf-dist/tex/latex/base/fontenc.sty
Package: fontenc 2005/09/27 v1.99g Standard LaTeX package

(/usr/local/texlive/2014/texmf-dist/tex/latex/base/t1enc.def
File: t1enc.def 2005/09/27 v1.99g Standard LaTeX file
LaTeX Font Info:    Redeclaring font encoding T1 on input line 43.
))
(/usr/local/texlive/2014/texmf-dist/tex/latex/upquote/upquote.sty
Package: upquote 2012/04/19 v1.3 upright-quote and grave-accent glyphs in verba
tim
)
(./fitFfm_vignette_03_18_2018.aux)
\openout1 = `fitFfm_vignette_03_18_2018.aux'.

LaTeX Font Info:    Checking defaults for OML/cmm/m/it on input line 73.
LaTeX Font Info:    ... okay on input line 73.
LaTeX Font Info:    Checking defaults for T1/cmr/m/n on input line 73.
LaTeX Font Info:    ... okay on input line 73.
LaTeX Font Info:    Checking defaults for OT1/cmr/m/n on input line 73.
LaTeX Font Info:    ... okay on input line 73.
LaTeX Font Info:    Checking defaults for OMS/cmsy/m/n on input line 73.
LaTeX Font Info:    ... okay on input line 73.
LaTeX Font Info:    Checking defaults for OMX/cmex/m/n on input line 73.
LaTeX Font Info:    ... okay on input line 73.
LaTeX Font Info:    Checking defaults for U/cmr/m/n on input line 73.
LaTeX Font Info:    ... okay on input line 73.
LaTeX Font Info:    Checking defaults for TS1/cmr/m/n on input line 73.
LaTeX Font Info:    Try loading font information for TS1+cmr on input line 73.

(/usr/local/texlive/2014/texmf-dist/tex/latex/base/ts1cmr.fd
File: ts1cmr.fd 1999/05/25 v2.5h Standard LaTeX font definitions
)
LaTeX Font Info:    ... okay on input line 73.
LaTeX Font Info:    Try loading font information for T1+lmr on input line 73.

(/usr/local/texlive/2014/texmf-dist/tex/latex/lm/t1lmr.fd
File: t1lmr.fd 2009/10/30 v1.6 Font defs for Latin Modern
)
(/usr/local/texlive/2014/texmf-dist/tex/context/base/supp-pdf.mkii
[Loading MPS to PDF converter (version 2006.09.02).]
\scratchcounter=\count106
\scratchdimen=\dimen119
\scratchbox=\box32
\nofMPsegments=\count107
\nofMParguments=\count108
\everyMPshowfont=\toks25
\MPscratchCnt=\count109
\MPscratchDim=\dimen120
\MPnumerator=\count110
\makeMPintoPDFobject=\count111
\everyMPtoPDFconversion=\toks26
) (/usr/local/texlive/2014/texmf-dist/tex/generic/oberdiek/pdftexcmds.sty
Package: pdftexcmds 2011/11/29 v0.20 Utility functions of pdfTeX for LuaTeX (HO
)

(/usr/local/texlive/2014/texmf-dist/tex/generic/oberdiek/ifluatex.sty
Package: ifluatex 2010/03/01 v1.3 Provides the ifluatex switch (HO)
Package ifluatex Info: LuaTeX not detected.
)
(/usr/local/texlive/2014/texmf-dist/tex/generic/oberdiek/ifpdf.sty
Package: ifpdf 2011/01/30 v2.3 Provides the ifpdf switch (HO)
Package ifpdf Info: pdfTeX in PDF mode is detected.
)
Package pdftexcmds Info: LuaTeX not detected.
Package pdftexcmds Info: \pdf@primitive is available.
Package pdftexcmds Info: \pdf@ifprimitive is available.
Package pdftexcmds Info: \pdfdraftmode found.
)
(/usr/local/texlive/2014/texmf-dist/tex/latex/oberdiek/epstopdf-base.sty
Package: epstopdf-base 2010/02/09 v2.5 Base part for package epstopdf

(/usr/local/texlive/2014/texmf-dist/tex/latex/oberdiek/grfext.sty
Package: grfext 2010/08/19 v1.1 Manage graphics extensions (HO)

(/usr/local/texlive/2014/texmf-dist/tex/generic/oberdiek/kvdefinekeys.sty
Package: kvdefinekeys 2011/04/07 v1.3 Define keys (HO)
))
(/usr/local/texlive/2014/texmf-dist/tex/latex/oberdiek/kvoptions.sty
Package: kvoptions 2011/06/30 v3.11 Key value format for package options (HO)

(/usr/local/texlive/2014/texmf-dist/tex/generic/oberdiek/kvsetkeys.sty
Package: kvsetkeys 2012/04/25 v1.16 Key value parser (HO)

(/usr/local/texlive/2014/texmf-dist/tex/generic/oberdiek/etexcmds.sty
Package: etexcmds 2011/02/16 v1.5 Avoid name clashes with e-TeX commands (HO)
Package etexcmds Info: Could not find \expanded.
(etexcmds)             That can mean that you are not using pdfTeX 1.50 or
(etexcmds)             that some package has redefined \expanded.
(etexcmds)             In the latter case, load this package earlier.
)))
Package grfext Info: Graphics extension search list:
(grfext)             [.png,.pdf,.jpg,.mps,.jpeg,.jbig2,.jb2,.PNG,.PDF,.JPG,.JPE
G,.JBIG2,.JB2,.eps]
(grfext)             \AppendGraphicsExtensions on input line 452.

(/usr/local/texlive/2014/texmf-dist/tex/latex/latexconfig/epstopdf-sys.cfg
File: epstopdf-sys.cfg 2010/07/13 v1.3 Configuration of (r)epstopdf for TeX Liv
e
))
LaTeX Font Info:    Try loading font information for OT1+lmr on input line 79.

(/usr/local/texlive/2014/texmf-dist/tex/latex/lm/ot1lmr.fd
File: ot1lmr.fd 2009/10/30 v1.6 Font defs for Latin Modern
)
LaTeX Font Info:    Try loading font information for OML+lmm on input line 79.

(/usr/local/texlive/2014/texmf-dist/tex/latex/lm/omllmm.fd
File: omllmm.fd 2009/10/30 v1.6 Font defs for Latin Modern
)
LaTeX Font Info:    Try loading font information for OMS+lmsy on input line 79.


(/usr/local/texlive/2014/texmf-dist/tex/latex/lm/omslmsy.fd
File: omslmsy.fd 2009/10/30 v1.6 Font defs for Latin Modern
)
LaTeX Font Info:    Try loading font information for OMX+lmex on input line 79.


(/usr/local/texlive/2014/texmf-dist/tex/latex/lm/omxlmex.fd
File: omxlmex.fd 2009/10/30 v1.6 Font defs for Latin Modern
)
LaTeX Font Info:    External font `lmex10' loaded for size
(Font)              <12> on input line 79.
LaTeX Font Info:    External font `lmex10' loaded for size
(Font)              <8> on input line 79.
LaTeX Font Info:    External font `lmex10' loaded for size
(Font)              <6> on input line 79.
LaTeX Font Info:    Try loading font information for T1+lmtt on input line 82.

(/usr/local/texlive/2014/texmf-dist/tex/latex/lm/t1lmtt.fd
File: t1lmtt.fd 2009/10/30 v1.6 Font defs for Latin Modern
)
(./fitFfm_vignette_03_18_2018.toc
LaTeX Font Info:    External font `lmex10' loaded for size
(Font)              <10> on input line 2.
LaTeX Font Info:    External font `lmex10' loaded for size
(Font)              <7> on input line 2.
LaTeX Font Info:    External font `lmex10' loaded for size
(Font)              <5> on input line 2.
)
\tf@toc=\write3
\openout3 = `fitFfm_vignette_03_18_2018.toc'.

 [1

{/usr/local/texlive/2014/texmf-var/fonts/map/pdftex/updmap/pdftex.map}] [2]
Package color Info: Redefining color shadecolor on input line 99.
LaTeX Font Info:    Font shape `T1/lmtt/bx/n' in size <10> not available
(Font)              Font shape `T1/lmtt/b/n' tried instead on input line 101.
LaTeX Font Info:    Try loading font information for TS1+lmr on input line 112.


(/usr/local/texlive/2014/texmf-dist/tex/latex/lm/ts1lmr.fd
File: ts1lmr.fd 2009/10/30 v1.6 Font defs for Latin Modern
)
Overfull \hbox (7.7075pt too wide) in paragraph at lines 112--113
[]\T1/lmtt/m/n/10 fit.method, rob.stats, full.resid.cov, z.score, add.intercept
, lag.exposures,  
 []

[3]
Package color Info: Redefining color shadecolor on input line 140.
 [4]
Package color Info: Redefining color shadecolor on input line 192.
 [5]
Package color Info: Redefining color shadecolor on input line 215.
 [6]
Package color Info: Redefining color shadecolor on input line 242.
Package color Info: Redefining color shadecolor on input line 271.
 [7]
Package color Info: Redefining color shadecolor on input line 284.
Package color Info: Redefining color shadecolor on input line 305.
Package color Info: Redefining color shadecolor on input line 317.

Overfull \hbox (8.9574pt too wide) in paragraph at lines 324--324
[]\T1/lmtt/b/n/10 ## Error in plot(fit.singleIndex, which = 12, f.sub = 1): obj
ect 'fit.singleIndex'
 []

Package color Info: Redefining color shadecolor on input line 331.
[8]
LaTeX Font Info:    Try loading font information for TS1+lmtt on input line 333
.
 (/usr/local/texlive/2014/texmf-dist/tex/latex/lm/ts1lmtt.fd
File: ts1lmtt.fd 2009/10/30 v1.6 Font defs for Latin Modern
)
Package color Info: Redefining color shadecolor on input line 365.
 [9]
Package color Info: Redefining color shadecolor on input line 392.
Package color Info: Redefining color shadecolor on input line 419.

Overfull \hbox (24.70735pt too wide) in paragraph at lines 426--426
[]\T1/lmtt/b/n/10 ## Error in plot(fit.ols, plot.single = TRUE, which = 1, asse
t.name = "HAM3"): object
 []


Overfull \hbox (40.4573pt too wide) in paragraph at lines 436--436
[]\T1/lmtt/b/n/10 ## Error in plot(fit.robust, plot.single = TRUE, which = 1, a
sset.name = "HAM3"): object
 []

[10]
Package color Info: Redefining color shadecolor on input line 445.

Overfull \hbox (29.95734pt too wide) in paragraph at lines 452--452
[]\T1/lmtt/b/n/10 ## Error in plot(fit.ols, which = 5, xlim = c(0, 0.045), sub 
= "LS"): object 'fit.ols'
 []


Overfull \hbox (14.20738pt too wide) in paragraph at lines 457--457
[]\T1/lmtt/b/n/10 ## Error in plot(fit.robust, which = 5, xlim = c(0, 0.045), s
ub = "Robust"): object
 []


Overfull \hbox (14.38145pt too wide) in paragraph at lines 464--465
[]\T1/lmr/m/n/10 Specifying "step-wise" se-lects tra-di-tional step-wise[] LS o
r ro-bust re-gres-sion us-ing \T1/lmtt/m/n/10 step \T1/lmr/m/n/10 or \T1/lmtt/m
/n/10 step.lmRob
 []

[11]
Package color Info: Redefining color shadecolor on input line 476.
 [12]
Package color Info: Redefining color shadecolor on input line 495.
Package color Info: Redefining color shadecolor on input line 510.
Package color Info: Redefining color shadecolor on input line 520.
 [13] [14]
Package color Info: Redefining color shadecolor on input line 560.
Package color Info: Redefining color shadecolor on input line 585.

Overfull \hbox (3.70741pt too wide) in paragraph at lines 594--594
[][]\T1/lmtt/m/n/10 HAM1.ts[] []<-[] []\T1/lmtt/b/n/10 merge[][]\T1/lmtt/m/n/10
 (fit.lars[][]$[][]data[,[][]1[][]],[] []\T1/lmtt/b/n/10 fitted[][]\T1/lmtt/m/n
/10 (fit.lars)[,[][]1[][]],[] []\T1/lmtt/b/n/10 residuals[][]\T1/lmtt/m/n/10 (f
it.lars)[,[][]1[][]])[][] 
 []


Overfull \hbox (3.70741pt too wide) in paragraph at lines 598--598
[]\T1/lmtt/b/n/10 ## Error in merge(fit.lars$data[, 1], fitted(fit.lars)[, 1], 
residuals(fit.lars)[,
 []


Overfull \hbox (3.70741pt too wide) in paragraph at lines 603--603
[]\T1/lmtt/b/n/10 ## Error in colnames(HAM1.ts) <- c("HAM1.return", "HAM1.fitte
d", "HAM1.residual"):
 []

[15] [16]
Package color Info: Redefining color shadecolor on input line 640.

Overfull \hbox (3.70741pt too wide) in paragraph at lines 646--646
[]\T1/lmtt/b/n/10 ## Error in inherits(object, c("tsfm", "sfm", "ffm")): object
 'fit.sub' not found[] 
 []

[17]
Package color Info: Redefining color shadecolor on input line 678.

Overfull \hbox (3.70741pt too wide) in paragraph at lines 684--684
[]\T1/lmtt/b/n/10 ## Error in inherits(object, c("tsfm", "sfm", "ffm")): object
 'fit.sub' not found[] 
 []

[18] [19]
Package color Info: Redefining color shadecolor on input line 735.

Overfull \hbox (3.70741pt too wide) in paragraph at lines 741--741
[]\T1/lmtt/b/n/10 ## Error in inherits(object, c("tsfm", "sfm", "ffm")): object
 'fit.sub' not found[] 
 []

[20]
Package color Info: Redefining color shadecolor on input line 778.

Overfull \hbox (3.70741pt too wide) in paragraph at lines 784--784
[]\T1/lmtt/b/n/10 ## Error in inherits(object, c("tsfm", "sfm", "ffm")): object
 'fit.sub' not found[] 
 []

[21]
Package color Info: Redefining color shadecolor on input line 828.
Package color Info: Redefining color shadecolor on input line 844.
 [22]
Package color Info: Redefining color shadecolor on input line 876.

Overfull \hbox (24.70735pt too wide) in paragraph at lines 883--883
[]\T1/lmtt/b/n/10 ## Error in plot(fit.sub, which = 3, a.sub = 1:4, legend.loc 
= NULL, lwd = 1): object
 []

Package color Info: Redefining color shadecolor on input line 887.
[23]
Package color Info: Redefining color shadecolor on input line 907.

Overfull \hbox (27.45879pt too wide) in paragraph at lines 939--940
[]\T1/lmr/m/n/10 CUSUM plots (in-di-vid-ual as-set plot op-tions 15, 16 and 17)
 are ap-pli-ca-ble only for \T1/lmtt/m/n/10 fit.method="LS"\T1/lmr/m/n/10 . 
 []

Package color Info: Redefining color shadecolor on input line 945.
[24]
Overfull \hbox (29.95734pt too wide) in paragraph at lines 951--951
[]\T1/lmtt/b/n/10 ## Error in plot(fit.sub, plot.single = TRUE, asset.name = "H
AM1", which = 5, : object
 []

Package color Info: Redefining color shadecolor on input line 955.

Overfull \hbox (29.95734pt too wide) in paragraph at lines 961--961
[]\T1/lmtt/b/n/10 ## Error in plot(fit.sub, plot.single = TRUE, asset.name = "H
AM1", which = 10): object
 []

Package color Info: Redefining color shadecolor on input line 965.

Overfull \hbox (29.95734pt too wide) in paragraph at lines 971--971
[]\T1/lmtt/b/n/10 ## Error in plot(fit.sub, plot.single = TRUE, asset.name = "H
AM1", which = 14): object
 []


Overfull \hbox (8.9574pt too wide) in paragraph at lines 976--976
[]\T1/lmtt/b/n/10 ## Error in int_abline(a = a, b = b, h = h, v = v, untf = unt
f, ...): plot.new has
 []

Package color Info: Redefining color shadecolor on input line 980.

Overfull \hbox (29.95734pt too wide) in paragraph at lines 986--986
[]\T1/lmtt/b/n/10 ## Error in plot(fit.sub, plot.single = TRUE, asset.name = "H
AM1", which = 11): object
 []

Package color Info: Redefining color shadecolor on input line 990.

Overfull \hbox (29.95734pt too wide) in paragraph at lines 996--996
[]\T1/lmtt/b/n/10 ## Error in plot(fit.sub, plot.single = TRUE, asset.name = "H
AM1", which = 12): object
 []

[25] (./fitFfm_vignette_03_18_2018.bbl) [26] (./fitFfm_vignette_03_18_2018.aux)
 ) 
Here is how much of TeX's memory you used:
 4023 strings out of 493117
 55299 string characters out of 6135433
 118701 words of memory out of 5000000
 7341 multiletter control sequences out of 15000+600000
 83356 words of font info for 76 fonts, out of 8000000 for 9000
 1141 hyphenation exceptions out of 8191
 38i,10n,27p,1049b,306s stack positions out of 5000i,500n,10000p,200000b,80000s
{/usr/local/texlive/2014/texmf-dist/fonts/enc/dvips/lm/lm-ec.enc}{/usr/local/
texlive/2014/texmf-dist/fonts/enc/dvips/lm/lm-mathex.enc}{/usr/local/texlive/20
14/texmf-dist/fonts/enc/dvips/lm/lm-mathsy.enc}{/usr/local/texlive/2014/texmf-d
ist/fonts/enc/dvips/lm/lm-rm.enc}{/usr/local/texlive/2014/texmf-dist/fonts/enc/
dvips/lm/lm-ts1.enc}{/usr/local/texlive/2014/texmf-dist/fonts/enc/dvips/lm/lm-m
athit.enc}</usr/local/texlive/2014/texmf-dist/fonts/type1/public/amsfonts/cm/cm
bx10.pfb></usr/local/texlive/2014/texmf-dist/fonts/type1/public/amsfonts/cm/cmm
ib10.pfb></usr/local/texlive/2014/texmf-dist/fonts/type1/public/lm/lmbx10.pfb><
/usr/local/texlive/2014/texmf-dist/fonts/type1/public/lm/lmbx12.pfb></usr/local
/texlive/2014/texmf-dist/fonts/type1/public/lm/lmbx7.pfb></usr/local/texlive/20
14/texmf-dist/fonts/type1/public/lm/lmbx9.pfb></usr/local/texlive/2014/texmf-di
st/fonts/type1/public/lm/lmex10.pfb></usr/local/texlive/2014/texmf-dist/fonts/t
ype1/public/lm/lmmi10.pfb></usr/local/texlive/2014/texmf-dist/fonts/type1/publi
c/lm/lmmi7.pfb></usr/local/texlive/2014/texmf-dist/fonts/type1/public/lm/lmr10.
pfb></usr/local/texlive/2014/texmf-dist/fonts/type1/public/lm/lmr12.pfb></usr/l
ocal/texlive/2014/texmf-dist/fonts/type1/public/lm/lmr17.pfb></usr/local/texliv
e/2014/texmf-dist/fonts/type1/public/lm/lmr6.pfb></usr/local/texlive/2014/texmf
-dist/fonts/type1/public/lm/lmr7.pfb></usr/local/texlive/2014/texmf-dist/fonts/
type1/public/lm/lmr8.pfb></usr/local/texlive/2014/texmf-dist/fonts/type1/public
/lm/lmr9.pfb></usr/local/texlive/2014/texmf-dist/fonts/type1/public/lm/lmri10.p
fb></usr/local/texlive/2014/texmf-dist/fonts/type1/public/lm/lmsy10.pfb></usr/l
ocal/texlive/2014/texmf-dist/fonts/type1/public/lm/lmsy5.pfb></usr/local/texliv
e/2014/texmf-dist/fonts/type1/public/lm/lmsy7.pfb></usr/local/texlive/2014/texm
f-dist/fonts/type1/public/lm/lmtk10.pfb></usr/local/texlive/2014/texmf-dist/fon
ts/type1/public/lm/lmtt10.pfb></usr/local/texlive/2014/texmf-dist/fonts/type1/p
ublic/lm/lmtt8.pfb></usr/local/texlive/2014/texmf-dist/fonts/type1/public/lm/lm
tt9.pfb></usr/local/texlive/2014/texmf-dist/fonts/type1/public/lm/lmtti10.pfb>
Output written on fitFfm_vignette_03_18_2018.pdf (26 pages, 495927 bytes).
PDF statistics:
 207 PDF objects out of 1000 (max. 8388607)
 152 compressed objects within 2 object streams
 0 named destinations out of 1000 (max. 500000)
 1 words of extra memory for PDF output out of 10000 (max. 10000000)

